<?xml version="1.0" encoding="UTF-8"?>
<testng-results skipped="0" failed="0" ignored="0" total="2" passed="2">
  <reporter-output>
  </reporter-output>
  <suite name="Suite1" duration-ms="32702" started-at="2022-10-04T09:59:21 IST" finished-at="2022-10-04T09:59:54 IST">
    <groups>
    </groups>
    <test name="test" duration-ms="32702" started-at="2022-10-04T09:59:21 IST" finished-at="2022-10-04T09:59:54 IST">
      <class name="automation.seleniumgridtest.GridTest1">
        <test-method status="PASS" signature="testGrid1()[pri:0, instance:automation.seleniumgridtest.GridTest1@1500955a]" name="testGrid1" duration-ms="20544" started-at="2022-10-04T09:59:21 IST" finished-at="2022-10-04T09:59:41 IST">
          <reporter-output>
          </reporter-output>
        </test-method> <!-- testGrid1 -->
      </class> <!-- automation.seleniumgridtest.GridTest1 -->
      <class name="automation.seleniumgridtest.GridTest2">
        <test-method status="PASS" signature="testGrid2()[pri:0, instance:automation.seleniumgridtest.GridTest2@5f3a4b84]" name="testGrid2" duration-ms="32645" started-at="2022-10-04T09:59:21 IST" finished-at="2022-10-04T09:59:54 IST">
          <reporter-output>
          </reporter-output>
        </test-method> <!-- testGrid2 -->
      </class> <!-- automation.seleniumgridtest.GridTest2 -->
    </test> <!-- test -->
  </suite> <!-- Suite1 -->
</testng-results>
